<?xml version="1.0" encoding="UTF-8"?>
<!-- Generated by org.testng.reporters.JUnitXMLReporter -->
<testsuite ignored="0" hostname="Chocos-MacBook-Pro.local" failures="0" tests="3" name="SubmitOrderTest" time="17.782" errors="0" timestamp="2024-09-24T12:44:19 ICT">
  <testcase classname="rahulshettyacademy.tests.SubmitOrderTest" name="OrderHistoryTest" time="0.501"/>
  <testcase classname="rahulshettyacademy.tests.SubmitOrderTest" name="SubmitOrder" time="3.385"/>
  <testcase classname="rahulshettyacademy.tests.SubmitOrderTest" name="SubmitOrder" time="3.465"/>
</testsuite> <!-- SubmitOrderTest -->
