<?xml version="1.0" encoding="UTF-8"?>
<testng-results ignored="0" total="1" passed="1" failed="0" skipped="0">
  <reporter-output>
  </reporter-output>
  <suite started-at="2024-09-25T12:18:48 ICT" name="Surefire suite" finished-at="2024-09-25T12:18:54 ICT" duration-ms="5723">
    <groups>
      <group name="cucumber">
        <method signature="AbstractTestNGCucumberTests.runScenario(io.cucumber.testng.PickleWrapper,io.cucumber.testng.FeatureWrapper)[pri:0, instance:cucumber.TestNgCucumber@534df152]" name="runScenario" class="io.cucumber.testng.AbstractTestNGCucumberTests"/>
      </group> <!-- cucumber -->
    </groups>
    <test started-at="2024-09-25T12:18:48 ICT" name="Surefire test" finished-at="2024-09-25T12:18:54 ICT" duration-ms="5723">
      <class name="cucumber.TestNgCucumber">
        <test-method is-config="true" signature="setUpClass(org.testng.ITestContext)[pri:0, instance:cucumber.TestNgCucumber@534df152]" started-at="2024-09-25T12:18:48 ICT" name="setUpClass" finished-at="2024-09-25T12:18:48 ICT" duration-ms="168" status="PASS">
          <params>
            <param index="0">
              <value>
                <![CDATA[org.testng.TestRunner@61af1510]]>
              </value>
            </param>
          </params>
          <reporter-output>
          </reporter-output>
        </test-method> <!-- setUpClass -->
        <test-method signature="runScenario(io.cucumber.testng.PickleWrapper,io.cucumber.testng.FeatureWrapper)[pri:0, instance:cucumber.TestNgCucumber@534df152]" started-at="2024-09-25T12:18:48 ICT" name="runScenario" description="Runs Cucumber Scenarios" data-provider="scenarios" finished-at="2024-09-25T12:18:54 ICT" duration-ms="5532" status="PASS">
          <params>
            <param index="0">
              <value>
                <![CDATA["Login with wrong password"]]>
              </value>
            </param>
            <param index="1">
              <value>
                <![CDATA["Error Validation"]]>
              </value>
            </param>
          </params>
          <reporter-output>
          </reporter-output>
        </test-method> <!-- runScenario -->
        <test-method is-config="true" signature="tearDownClass()[pri:0, instance:cucumber.TestNgCucumber@534df152]" started-at="2024-09-25T12:18:54 ICT" name="tearDownClass" finished-at="2024-09-25T12:18:54 ICT" duration-ms="10" status="PASS">
          <reporter-output>
          </reporter-output>
        </test-method> <!-- tearDownClass -->
      </class> <!-- cucumber.TestNgCucumber -->
    </test> <!-- Surefire test -->
  </suite> <!-- Surefire suite -->
</testng-results>
